/----------------------------------------------------------\\
|      _   __ ______ __ __  ______  ____   ____   ____     |
|     / | / // ____// //_/ / ____/ / __ \\/ __ \\/ __ \\   |
|    /  |/ // __/  / ,<   /___ \\ / / / // / / // / / /    |
|   / /|  // /___ / /| | ____/ / / /_/ // /_/ // /_/ /     |
|  /_/ |_//_____//_/ |_|/_____/  \\___/ \\___/ \\___/      |
|                                                          |
|----------------------------------------------------------|
|                                                          |
| NEK5000:  Open Source Spectral Element Solver            |
| COPYRIGHT (c) 2008-2017 UCHICAGO ARGONNE, LLC            |
| Version:  17.0-rc1                                       |
| Web:      http://nek5000.mcs.anl.gov                     |
|                                                          |
\\----------------------------------------------------------/
                                                              

 Number of processors:          72
 REAL    wdsize      :           8
 INTEGER wdsize      :           4
 Timer accuracy      : 3.10E-07
  
 Reading /home/venterrm/Particle_Flow/elbow.rea                                                                                              
 Reading /home/venterrm/Particle_Flow/elbow.re2                                                                                              
 mapping elements to processors
 Reading /home/venterrm/Particle_Flow/elbow.map                                                                                              
 RANK     0 IEG   12906   12907   12908   12909   12910   12911   12912   12943
                  12944   12945   12946   12954   12955   12956   12957   12958
                  12959   12994   12995   12996   13009   13010   13011   13014
                  13052   13053   13054   13055   13058   13059   13072   13073
                  13074   13075   13076   13077   13119   13120   13121   13122
                  13125   13126   13143   13144   13145   13146   13147   13148
                  13195   13196   13197   13198   13199   15107   15108   15109
                  15110   15111   15112   15113   15144   15145   15146   15147
                  15148   15155   15156   15157   15158   15159   15160   15195
                  15196   15197   15210   15211   15212   15213   15214   15215
                  15253   15254   15255   15256   15273   15274   15275   15276
                  15277   15278   15320   15321   15322   15323   15327   15344
                  15345   15346   15347   15348   15349   15396   15397   15398
                  15399   15400   17308   17309   17310   17311   17312   17313
                  17314   17345   17346   17347   17348   17349   17356   17357
                  17358   17359   17360   17361   17396   17397   17398   17411
                  17412   17413   17414   17415   17416   17454   17455   17456
                  17457   17458   17459   17474   17475   17476   17477   17478
                  17479   17521   17522   17523   17524   17525   17526   17527
                  17528   17545   17546   17547   17548   17549   17550   17597
                  17598   17599   17600   17601   17602   17603   17604   19509
                  19510   19511   19512   19513   19514   19515   19546   19547
                  19548   19549   19550   19551   19552   19557   19558   19559
                  19560   19561   19562   19597   19598   19599   19600   19601
                  19602   19603   19612   19613   19614   19615   19616   19617
                  19655   19656   19657   19658   19659   19660   19661   19662
                  19675   19676   19677   19678   19679   19680   19722   19723
                  19724   19725   19726   19727   19728   19729   19746   19747
                  19748   19749   19750   19751   19798   19799   19800   19801
                  19802   19803   19804   19805   21710   21711   21712   21713
                  21714   21715   21716   21747   21748   21749   21750   21751
                  21752   21753   21758   21759   21760   21761   21762   21763
                  21798   21799   21800   21801   21802   21803   21804   21813
                  21814   21815   21816   21817   21818   21856   21857   21858
                  21859   21860   21861   21862   21863   21876   21877   21878
                  21879   21880   21881   21923   21924   21925   21926   21927
                  21928   21929   21930   21947   21948   21949   21950   21951
                  21952   21999   22000   22001   22002   22003   22004   22005
                  22006
  
 element load imbalance:            1         305         306
 done :: mapping   0.69919     sec

  
  preading mesh 
  preading curved sides 
  preading bc for ifld           1
 done :: read .re2 file    1.4     sec

           0  objects found
 118   Parameters from file:
   1      1.00000     p001 DENSITY
   2      8.695217e-5 p002 VISCOS
   5      9.800       p005 GRAVITY
   8      1.00000     p008 CONDUCT
  11      10.00    p011 NSTEPS
  12      -1.0000E-04 p012 DT
  15      2.000E004      p015 IOSTEP
  21     0.100000E-05 p021 DIVERGENCE
  22     0.100000E-06 p022 HELMHOLTZ
  24     0.100000E-01 p024 TOLREL
  25     0.100000E-01 p025 TOLABS
  26      1.00000     p026 COURANT/NTAU
  27      3.00000     p027 TORDER
  59      0.00000     p059 !=0 --> full Jac. eval. for each el.
  65      1.00000     p065 #iofiles (eg, 0 or 64); <0 --> sep. dirs
  66      0.00000     p066 output : <0=ascii, else binary
  67      0.00000     p067 restart: <0=ascii, else binary
  68      2.000E004      p068 iastep: freq for avg_all (0=iostep)
  93      20.0000     p093 Number of previous pressure solns saved
  94      10.0000     p094 start projecting velocity after p94 step
  95      10.0000     p095 start projecting pressure after p95 step
  99      4.00000     p099 dealiasing: <0--> off/3--> old/4--> new
 103      1.00000E-02 p103 weight of stabilizing filter (.01)
  
 done :: read .rea file    2.3060     sec

 nelgt/nelgv/lelt:       22010       22010         461
 lx1  /lx2  /lx3 :           8           6           8
 Reset the target Courant number to .5
 setup mesh topology
   Right-handed check complete for   22010 elements. OK.
   setvert3d:   8     3017997     7772157     3017997     3017997
 call usrsetvert
 done :: usrsetvert

gs_setup: 503519 unique labels shared
   pairwise times (avg, min, max): 0.00465397 0.0027401 0.0067008
   crystal router                : 0.00133785 0.00131509 0.0013674
   used all_to_all method: crystal router
   handle bytes (avg, min, max): 3.90865e+06 2649732 4781188
   buffer bytes (avg, min, max): 464237 276800 670576
   setupds time 6.2601E-01 seconds   0  8     3017997       22010
          10  max multiplicity
 done :: setup mesh topology
  
 call usrdat
 done :: usrdat

 generate geometry data
 NOTE: All elements deformed , param(59) ^=0
 done :: generate geometry data
  
 call usrdat2
  1.7764E-15  1.7764E-15  5.5511E-17  5.5511E-17  5.5511E-17  0.0000E+00 xyz repair 1
  1.7764E-15  1.7764E-15  5.5511E-17  1.7764E-15  1.7764E-15  1.5252E-16 xyz repair 2
  1.1102E-16  1.1102E-16  5.5511E-17  1.1102E-16  1.1102E-16  1.0746E-16 xyz repair 3
  0.0000E+00  2.7756E-17  5.5511E-17  0.0000E+00  2.7756E-17  5.5511E-17 xyz repair 4
 regenerate geometry data           1
 NOTE: All elements deformed , param(59) ^=0
 done :: regenerate geometry data           1
  
 done :: usrdat2

 regenerate geometry data           1
 done :: regenerate geometry data           1
  
 verify mesh topology
  -11.000000000000000       0.50000000000000000       Xrange
  -11.000000000000000       0.50000000000000000       Yrange
 -0.50000000000000000       0.50000000000000000       Zrange
 done :: verify mesh topology
  
 IFTRAN   = T
 IFFLOW   = T
 IFHEAT   = F
 IFSPLIT  = F
 IFLOMACH = F
 IFUSERVP = F
 IFUSERMV = F
 IFPERT   = F
 IFADJ    = F
 IFSTRS   = F
 IFCHAR   = F
 IFCYCLIC = F
 IFAXIS   = F
 IFMVBD   = F
 IFMELT   = F
 IFNEKNEK = F
 IFSYNC   = T
   
 IFVCOR   = F
 IFINTQ   = F
 IFGEOM   = F
 IFSURT   = F
 IFWCNO   = F
   
 IFTMSH for field           1    =  F
 IFADVC for field           1    =  T
 IFNONL for field           1    =  F
   
 Dealiasing enabled, lxd=          12
  
 Estimated eigenvalues
 EIGAA =    3.3396203928071739     
 EIGGA =    838579.72723023803     
 EIGAE =   7.46283886660821100E-002
 EIGAS =   1.86219739292365011E-003
 EIGGE =    838579.72723023803     
 EIGGS =    2.0000000000000000     
  
 verify mesh topology
  -11.000000000000000       0.50000000000000000       Xrange
  -11.000000000000000       0.50000000000000000       Yrange
 -0.50000000000000000       0.50000000000000000       Zrange
 done :: verify mesh topology
  
  E-solver strategy:  1 itr
 mg_nx:           1           3           7
 mg_ny:           1           3           7
 mg_nz:           1           3           7
 call usrsetvert
 done :: usrsetvert

gs_setup: 10523 unique labels shared
   pairwise times (avg, min, max): 0.00705272 0.00174689 0.0104755
   crystal router                : 0.00867473 0.00706239 0.00946782
   all reduce                    : 0.0209682 0.0209302 0.0222116
   used all_to_all method: crystal router
   handle bytes (avg, min, max): 94955 66324 118756
   buffer bytes (avg, min, max): 11004.4 6752 16240
   setupds time 7.2400E-01 seconds   1  2       26763       22010
   setvert3d:   4      459513      635593      459513      459513
 call usrsetvert
 done :: usrsetvert

gs_setup: 92999 unique labels shared
   pairwise times (avg, min, max): 0.00961754 0.0060014 0.0119217
   crystal router                : 0.0115448 0.0105313 0.0125088
   all reduce                    : 0.043694 0.0427901 0.0442082
   used all_to_all method: pairwise
   handle bytes (avg, min, max): 231452 210604 243948
   buffer bytes (avg, min, max): 46957.3 28848 58480
   setupds time 1.2779E+00 seconds   2  4      459513       22010
   setvert3d:   4      459513      635593      459513      459513
 call usrsetvert
 done :: usrsetvert

gs_setup: 92999 unique labels shared
   pairwise times (avg, min, max): 0.00467127 0.00201659 0.00496271
   crystal router                : 0.000270002 0.000265598 0.000276113
   all reduce                    : 0.0392198 0.0387075 0.0397405
   used all_to_all method: crystal router
   handle bytes (avg, min, max): 742645 505060 914116
   buffer bytes (avg, min, max): 88264.2 52992 128112
   setupds time 8.7175E-01 seconds   3  4      459513       22010
   setvert3d:   6     1456591     2865231     1456591     1456591
 call usrsetvert
 done :: usrsetvert

gs_setup: 257331 unique labels shared
   pairwise times (avg, min, max): 0.00815638 0.0045145 0.0113101
   crystal router                : 0.0122176 0.0109517 0.0130284
   used all_to_all method: pairwise
   handle bytes (avg, min, max): 622223 569404 652924
   buffer bytes (avg, min, max): 123627 75376 154352
   setupds time 6.7139E-01 seconds   4  6     1456591       22010
 setup h1 coarse grid, nx_crs=           2
 call usrsetvert
 done :: usrsetvert

gs_setup: 10523 unique labels shared
   pairwise times (avg, min, max): 3.18544e-05 1.94073e-05 4.23908e-05
   crystal router                : 4.90096e-05 4.78029e-05 5.06163e-05
   all reduce                    : 0.000460541 0.000456214 0.00047009
   used all_to_all method: pairwise
   handle bytes (avg, min, max): 32016.9 28828 34180
   buffer bytes (avg, min, max): 6668.44 4208 8320
 done :: setup h1 coarse grid    1.8477718830108643       sec
  
 call usrdat3
 done :: usrdat3

 set initial conditions
 Checking restart options: start0.f00001                                                                                                                       
 nekuic (1) for ifld            1
 Reading checkpoint data 
       FILE:start0.f00001                                                                                                                       

        0  1.2500E+01 done :: Read checkpoint data
                              avg data-throughput =    70.3MBps
                              io-nodes =    72

 xyz min    -11.000      -11.000     -0.50000    
 uvwpt min  -2.2790      -2.7160      -1.5286       38.389       0.0000    
 xyz max    0.50000      0.50000      0.50000    
 uvwpt max   2.1480       1.8030       1.7098       41.784       0.0000    
 Restart: recompute geom. factors.
 regenerate geometry data           1
 done :: regenerate geometry data           1
  
 done :: set initial conditions
  
 call userchk
        1      139968  1.2301E-01 max distance b: O  
        2      139089  2.6263E-01 max distance b: O  
        3      151702  3.9045E-01 max distance b: O  
        4      161873  5.0992E-01 max distance b: O  
        5      169442  6.0916E-01 max distance b: O  
        6      175329  7.0840E-01 max distance b: O  
        7      180979  8.0764E-01 max distance b: O  
        8      186696  9.0688E-01 max distance b: O  
        9      192120  1.0061E+00 max distance b: O  
       10      196706  1.1054E+00 max distance b: O  
       11      201140  1.2046E+00 max distance b: O  
       12      205963  1.3038E+00 max distance b: O  
       13      209462  1.4031E+00 max distance b: O  
       14      213274  1.5023E+00 max distance b: O  
       15      217549  1.6016E+00 max distance b: O  
       16      221429  1.7008E+00 max distance b: O  
       17      225124  1.8000E+00 max distance b: O  
       18      228789  1.8993E+00 max distance b: O  
       19      232400  1.9985E+00 max distance b: O  
       20      236243  2.0978E+00 max distance b: O  
       21      240040  2.1970E+00 max distance b: O  
       22      243435  2.2962E+00 max distance b: O  
       23      247377  2.3955E+00 max distance b: O  
       24      251108  2.4947E+00 max distance b: O  
       25      254515  2.5940E+00 max distance b: O  
       26      258292  2.6932E+00 max distance b: O  
       27      262083  2.7924E+00 max distance b: O  
       28      265261  2.8917E+00 max distance b: O  
       29      268927  2.9909E+00 max distance b: O  
       30      272775  3.0901E+00 max distance b: O  
       31      276210  3.1894E+00 max distance b: O  
       32      280008  3.2886E+00 max distance b: O  
       33      283349  3.3879E+00 max distance b: O  
       34      286506  3.4871E+00 max distance b: O  
       35      289622  3.5863E+00 max distance b: O  
       36      292554  3.6856E+00 max distance b: O  
       37      295921  3.7848E+00 max distance b: O  
       38      298857  3.8841E+00 max distance b: O  
       39      301809  3.9833E+00 max distance b: O  
       40      304396  4.0825E+00 max distance b: O  
       41      306971  4.1818E+00 max distance b: O  
       42      309763  4.2810E+00 max distance b: O  
       43      312962  4.3803E+00 max distance b: O  
       44      315824  4.4795E+00 max distance b: O  
       45      318567  4.5787E+00 max distance b: O  
       46      320895  4.6780E+00 max distance b: O  
       47      323745  4.7772E+00 max distance b: O  
       48      326375  4.8765E+00 max distance b: O  
       49      328840  4.9757E+00 max distance b: O  
       50      330963  5.0749E+00 max distance b: O  
       51      333143  5.1742E+00 max distance b: O  
       52      335304  5.2734E+00 max distance b: O  
       53      337841  5.3727E+00 max distance b: O  
       54      339847  5.4719E+00 max distance b: O  
       55      342528  5.5711E+00 max distance b: O  
       56      344271  5.6704E+00 max distance b: O  
       57      346569  5.7696E+00 max distance b: O  
       58      349024  5.8689E+00 max distance b: O  
       59      351450  5.9681E+00 max distance b: O  
       60      353691  6.0673E+00 max distance b: O  
       61      356048  6.1666E+00 max distance b: O  
       62      357906  6.2658E+00 max distance b: O  
       63      360401  6.3651E+00 max distance b: O  
       64      362513  6.4643E+00 max distance b: O  
       65      365508  6.5635E+00 max distance b: O  
       66      367573  6.6628E+00 max distance b: O  
       67      369790  6.7620E+00 max distance b: O  
       68      372072  6.8613E+00 max distance b: O  
       69      374439  6.9605E+00 max distance b: O  
       70      377239  7.0597E+00 max distance b: O  
       71      379891  7.1590E+00 max distance b: O  
       72      382751  7.2582E+00 max distance b: O  
       73      385712  7.3574E+00 max distance b: O  
       74      388251  7.4567E+00 max distance b: O  
       75      391271  7.5559E+00 max distance b: O  
       76      394285  7.6552E+00 max distance b: O  
       77      397156  7.7544E+00 max distance b: O  
       78      399872  7.8536E+00 max distance b: O  
       79      404045  7.9529E+00 max distance b: O  
       80      406234  8.0521E+00 max distance b: O  
       81      409815  8.1514E+00 max distance b: O  
       82      412630  8.2506E+00 max distance b: O  
       83      415676  8.3498E+00 max distance b: O  
       84      418777  8.4491E+00 max distance b: O  
       85      421698  8.5483E+00 max distance b: O  
       86      425215  8.6476E+00 max distance b: O  
       87      428747  8.7468E+00 max distance b: O  
       88      431544  8.8460E+00 max distance b: O  
       89      435460  8.9453E+00 max distance b: O  
       90      437758  9.0445E+00 max distance b: O  
       91      441588  9.1438E+00 max distance b: O  
       92      444489  9.2430E+00 max distance b: O  
       93      448442  9.3422E+00 max distance b: O  
       94      451926  9.4415E+00 max distance b: O  
       95      454930  9.5407E+00 max distance b: O  
       96      458100  9.6400E+00 max distance b: O  
       97      461373  9.7392E+00 max distance b: O  
       98      463858  9.8384E+00 max distance b: O  
       99      467753  9.9377E+00 max distance b: O  
      100      470965  1.0037E+01 max distance b: O  
      101      474257  1.0136E+01 max distance b: O  
      102      476514  1.0235E+01 max distance b: O  
      103      479870  1.0335E+01 max distance b: O  
      104      482525  1.0434E+01 max distance b: O  
      105      485609  1.0533E+01 max distance b: O  
      106      514960  1.0632E+01 max distance b: O  
      107      558015  1.0743E+01 max distance b: O  
      108      644357  1.0892E+01 max distance b: O  
      109      732492  1.1038E+01 max distance b: O  
      110      819284  1.1182E+01 max distance b: O  
      111      910902  1.1353E+01 max distance b: O  
      112     1135381  1.1533E+01 max distance b: O  
      113     1312691  1.1704E+01 max distance b: O  
      114     1504568  1.1876E+01 max distance b: O  
      115     1728326  1.2048E+01 max distance b: O  
      116     1654136  1.2171E+01 max distance b: O  
      117     1618539  1.2241E+01 max distance b: O  
      118     1603508  1.2363E+01 max distance b: O  
      119     1591299  1.2398E+01 max distance b: O  
      120     1581425  1.2488E+01 max distance b: O  
      121     1576316  1.2578E+01 max distance b: O  
      122     1572319  1.2670E+01 max distance b: O  
      123     1567077  1.2764E+01 max distance b: O  
      124     1569950  1.2857E+01 max distance b: O  
      125     1580563  1.2951E+01 max distance b: O  
      126     1570589  1.3062E+01 max distance b: O  
      127     1612962  1.3128E+01 max distance b: O  
      128     1616301  1.3163E+01 max distance b: O  
      129     1633955  1.3260E+01 max distance b: O  
      130     1644866  1.3374E+01 max distance b: O  
      131     1637511  1.3499E+01 max distance b: O  
      132     1631443  1.3621E+01 max distance b: O  
      133     1629070  1.3721E+01 max distance b: O  
      134     1621012  1.3821E+01 max distance b: O  
      135     1616173  1.3921E+01 max distance b: O  
      136     1605757  1.4021E+01 max distance b: O  
      137     1595033  1.4121E+01 max distance b: O  
      138     1589163  1.4221E+01 max distance b: O  
      139     1584575  1.4321E+01 max distance b: O  
      140     1580083  1.4421E+01 max distance b: O  
      141     1575278  1.4521E+01 max distance b: O  
      142     1572753  1.4621E+01 max distance b: O  
      143     1565709  1.4721E+01 max distance b: O  
      144     1557790  1.4821E+01 max distance b: O  
      145     1545573  1.4921E+01 max distance b: O  
      146     1540223  1.5021E+01 max distance b: O  
      147     1538847  1.5121E+01 max distance b: O  
      148     1538819  1.5221E+01 max distance b: O  
      149     1543067  1.5321E+01 max distance b: O  
      150     1552160  1.5421E+01 max distance b: O  
      151     1558583  1.5521E+01 max distance b: O  
      152     1563236  1.5621E+01 max distance b: O  
      153     1569696  1.5721E+01 max distance b: O  
      154     1579864  1.5821E+01 max distance b: O  
      155     1590671  1.5920E+01 max distance b: O  
      156     1561799  1.6019E+01 max distance b: O  
      157     1595500  1.6117E+01 max distance b: O  
      158     1601099  1.6197E+01 max distance b: O  
      159     1608764  1.6297E+01 max distance b: O  
      160     1614850  1.6397E+01 max distance b: O  
      161     1621370  1.6497E+01 max distance b: O  
      162     1629156  1.6597E+01 max distance b: O  
      163     1637363  1.6697E+01 max distance b: O  
      164     1644100  1.6796E+01 max distance b: O  
      165     1647921  1.6896E+01 max distance b: O  
      166     1654484  1.6996E+01 max distance b: O  
      167     1658996  1.7096E+01 max distance b: O  
      168     1667097  1.7196E+01 max distance b: O  
      169     1673747  1.7296E+01 max distance b: O  
      170     1681760  1.7396E+01 max distance b: O  
      171     1687238  1.7496E+01 max distance b: O  
      172     1691701  1.7596E+01 max distance b: O  
      173     1696793  1.7696E+01 max distance b: O  
      174     1702458  1.7796E+01 max distance b: O  
      175     1705022  1.7896E+01 max distance b: O  
      176     1709804  1.7996E+01 max distance b: O  
      177     1715195  1.8096E+01 max distance b: O  
      178     1720546  1.8196E+01 max distance b: O  
      179     1728098  1.8296E+01 max distance b: O  
      180     1733154  1.8396E+01 max distance b: O  
      181     1738171  1.8496E+01 max distance b: O  
      182     1744105  1.8596E+01 max distance b: O  
      183     1746881  1.8696E+01 max distance b: O  
      184     1751786  1.8796E+01 max distance b: O  
      185     1755151  1.8896E+01 max distance b: O  
      186     1760858  1.8996E+01 max distance b: O  
      187     1763705  1.9096E+01 max distance b: O  
      188     1765133  1.9196E+01 max distance b: O  
      189     1768276  1.9296E+01 max distance b: O  
      190     1769385  1.9396E+01 max distance b: O  
      191     1773750  1.9496E+01 max distance b: O  
      192     1777403  1.9596E+01 max distance b: O  
      193     1780358  1.9696E+01 max distance b: O  
      194     1784580  1.9796E+01 max distance b: O  
      195     1786657  1.9896E+01 max distance b: O  
      196     1790421  1.9996E+01 max distance b: O  
      197     1792789  2.0096E+01 max distance b: O  
      198     1794709  2.0196E+01 max distance b: O  
      199     1797504  2.0296E+01 max distance b: O  
      200     1797853  2.0396E+01 max distance b: O  
      201     1800676  2.0496E+01 max distance b: O  
      202     1801578  2.0596E+01 max distance b: O  
      203     1801348  2.0696E+01 max distance b: O  
      204     1804905  2.0796E+01 max distance b: O  
      205     1808234  2.0896E+01 max distance b: O  
      206     1810276  2.0996E+01 max distance b: O  
      207     1812502  2.1096E+01 max distance b: O  
      208     1812467  2.1196E+01 max distance b: O  
      209     1815120  2.1296E+01 max distance b: O  
      210     1815144  2.1396E+01 max distance b: O  
      211     1829554  2.1457E+01 max distance b: O  
      212     1672489  2.1431E+01 max distance b: O  
      213     1585856  2.1416E+01 max distance b: O  
      214     1512841  2.1383E+01 max distance b: O  
      215     1449640  2.1366E+01 max distance b: O  
      216     1394892  2.1360E+01 max distance b: O  
      217     1346910  2.1360E+01 max distance b: O  
      218     1299670  2.1352E+01 max distance b: O  
      219     1257220  2.1351E+01 max distance b: O  
      220     1217260  2.1349E+01 max distance b: O  
      221     1177527  2.1348E+01 max distance b: O  
      222     1139392  2.1347E+01 max distance b: O  
      223     1103102  2.1346E+01 max distance b: O  
      224     1066269  2.1345E+01 max distance b: O  
      225     1031576  2.1343E+01 max distance b: O  
      226      996686  2.1341E+01 max distance b: O  
      227      963524  2.1340E+01 max distance b: O  
      228      929718  2.1339E+01 max distance b: O  
      229      898209  2.1338E+01 max distance b: O  
      230      866775  2.1337E+01 max distance b: O  
      231      835998  2.1336E+01 max distance b: O  
      232      805273  2.1335E+01 max distance b: O  
      233      776037  2.1333E+01 max distance b: O  
      234      747362  2.1333E+01 max distance b: O  
      235      719788  2.1332E+01 max distance b: O  
      236      691981  2.1331E+01 max distance b: O  
      237      664987  2.1331E+01 max distance b: O  
      238      638196  2.1330E+01 max distance b: O  
      239      612006  2.1330E+01 max distance b: O  
      240      586892  2.1329E+01 max distance b: O  
      241      562979  2.1327E+01 max distance b: O  
      242      539164  2.1327E+01 max distance b: O  
      243      516085  2.1326E+01 max distance b: O  
      244      493128  2.1325E+01 max distance b: O  
      245      471242  2.1324E+01 max distance b: O  
      246      449816  2.1324E+01 max distance b: O  
      247      429523  2.1323E+01 max distance b: O  
      248      409974  2.1322E+01 max distance b: O  
      249      390826  2.1321E+01 max distance b: O  
      250      372007  2.1319E+01 max distance b: O  
      251      354505  2.1317E+01 max distance b: O  
      252      336919  2.1316E+01 max distance b: O  
      253      320897  2.1315E+01 max distance b: O  
      254      305195  2.1315E+01 max distance b: O  
      255      290959  2.1314E+01 max distance b: O  
      256      276828  2.1313E+01 max distance b: O  
      257      263412  2.1313E+01 max distance b: O  
      258      249878  2.1312E+01 max distance b: O  
      259      238373  2.1312E+01 max distance b: O  
      260      226910  2.1310E+01 max distance b: O  
      261      217145  2.1309E+01 max distance b: O  
      262      207424  2.1308E+01 max distance b: O  
      263      198949  2.1308E+01 max distance b: O  
      264      189354  2.1308E+01 max distance b: O  
      265      183071  2.1308E+01 max distance b: O  
      266      175509  2.1307E+01 max distance b: O  
      267      169783  2.1307E+01 max distance b: O  
      268      163521  2.1307E+01 max distance b: O  
      269      158594  2.1307E+01 max distance b: O  
      270      153271  2.1306E+01 max distance b: O  
      271      149121  2.1306E+01 max distance b: O  
      272      144851  2.1306E+01 max distance b: O  
      273      141306  2.1306E+01 max distance b: O  
      274      136378  2.1306E+01 max distance b: O  
      275      134469  2.1306E+01 max distance b: O  
      276      130881  2.1306E+01 max distance b: O  
      277      128172  2.1305E+01 max distance b: O  
      278      124526  2.1305E+01 max distance b: O  
      279      121477  2.1305E+01 max distance b: O  
      280      118365  2.1305E+01 max distance b: O  
      281      116689  2.1305E+01 max distance b: O  
      282      113827  2.1305E+01 max distance b: O  
      283      112008  2.1305E+01 max distance b: O  
      284      108976  2.1305E+01 max distance b: O  
      285      106664  2.1305E+01 max distance b: O  
      286      103626  2.1304E+01 max distance b: O  
      287      102172  2.1304E+01 max distance b: O  
      288       99577  2.1304E+01 max distance b: O  
      289       98337  2.1304E+01 max distance b: O  
      290       96281  2.1304E+01 max distance b: O  
      291       94630  2.1304E+01 max distance b: O  
      292       92339  2.1304E+01 max distance b: O  
      293       91235  2.1304E+01 max distance b: O  
      294       89104  2.1304E+01 max distance b: O  
      295       88211  2.1304E+01 max distance b: O  
      296       86859  2.1304E+01 max distance b: O  
      297       85896  2.1304E+01 max distance b: O  
      298       83957  2.1304E+01 max distance b: O  
      299       83215  2.1304E+01 max distance b: O  
      300       81565  2.1304E+01 max distance b: O  
      301       80848  2.1303E+01 max distance b: O  
      302       79302  2.1304E+01 max distance b: O  
      303       79031  2.1297E+01 max distance b: O  
      304       77803  2.1304E+01 max distance b: O  
      305       77330  2.1304E+01 max distance b: O  
      306       75731  2.1304E+01 max distance b: O  
      307       75341  2.1304E+01 max distance b: O  
      308       73916  2.1303E+01 max distance b: O  
      309       73579  2.1283E+01 max distance b: O  
      310       72630  2.1297E+01 max distance b: O  
      311       72511  2.1304E+01 max distance b: O  
      312       70880  2.1304E+01 max distance b: O  
      313       70495  2.1304E+01 max distance b: O  
      314       69378  2.1303E+01 max distance b: O  
      315       68704  2.1283E+01 max distance b: O  
      316       67682  2.1297E+01 max distance b: O  
      317       67809  2.1304E+01 max distance b: O  
      318       66651  2.1304E+01 max distance b: O  
      319       66296  2.1304E+01 max distance b: O  
      320       65210  2.1304E+01 max distance b: O  
      321       64785  2.1304E+01 max distance b: O  
      322       63652  2.1304E+01 max distance b: O  
      323       63567  2.1304E+01 max distance b: O  
      324       62887  2.1304E+01 max distance b: O  
      325       62764  2.1304E+01 max distance b: O  
      326       61649  2.1304E+01 max distance b: O  
      327       61341  2.1304E+01 max distance b: O  
      328       60489  2.1304E+01 max distance b: O  
      329       60255  2.1304E+01 max distance b: O  
      330       59482  2.1304E+01 max distance b: O  
      331       59676  2.1304E+01 max distance b: O  
      332       59082  2.1303E+01 max distance b: O  
      333       58887  2.1283E+01 max distance b: O  
      334       57994  2.1297E+01 max distance b: O  
      335       57831  2.1304E+01 max distance b: O  
      336       57011  2.1210E+01 max distance b: O  
      337       57007  2.1224E+01 max distance b: O  
      338       56701  2.1264E+01 max distance b: O  
      339       56598  2.1283E+01 max distance b: O  
      340       55903  2.1297E+01 max distance b: O  
      341       55704  2.1304E+01 max distance b: O  
      342       54846  2.1304E+01 max distance b: O  
      343       54566  2.1304E+01 max distance b: O  
      344       53990  2.1303E+01 max distance b: O  
      345       54308  2.1283E+01 max distance b: O  
      346       53672  2.1297E+01 max distance b: O  
      347       53499  2.1304E+01 max distance b: O  
      348       52870  2.1303E+01 max distance b: O  
      349       52664  2.1304E+01 max distance b: O  
      350       51929  2.1303E+01 max distance b: O  
      351       51868  2.1243E+01 max distance b: O  
      352       51678  2.1243E+01 max distance b: O  
      353       51715  2.1024E+01 max distance b: O  
      354       51112  2.1043E+01 max distance b: O  
      355       50832  2.1043E+01 max distance b: O  
      356       50199  2.1043E+01 max distance b: O  
      357       49986  2.0910E+01 max distance b: O  
      358       49490  2.0924E+01 max distance b: O  
      359       49740  2.0943E+01 max distance b: O  
      360       49315  2.0964E+01 max distance b: O  
      361       49138  2.0983E+01 max distance b: O  
      362       48555  2.0997E+01 max distance b: O  
      363       48297  2.1004E+01 max distance b: O  
      364       47654  2.1010E+01 max distance b: O  
      365       47605  2.1024E+01 max distance b: O  
      366       47417  2.1043E+01 max distance b: O  
      367       47344  2.1024E+01 max distance b: O  
      368       46841  2.1043E+01 max distance b: O  
      369       46577  1.1534E+01 max distance b: O  
      370       45943  1.1534E+01 max distance b: O  
      371       45658  1.1534E+01 max distance b: O  
      372       45224  1.1534E+01 max distance b: O  
      373       45469  1.1534E+01 max distance b: O  
      374       45061  1.1534E+01 max distance b: O  
      375       44879  1.1534E+01 max distance b: O  
      376       44261  1.1534E+01 max distance b: O  
      377       44029  1.1534E+01 max distance b: O  
      378       43391  1.1534E+01 max distance b: O  
      379       43293  1.1534E+01 max distance b: O  
      380       43231  1.1534E+01 max distance b: O  
      381       43199  1.1534E+01 max distance b: O  
      382       42675  1.1534E+01 max distance b: O  
      383       42475  1.1534E+01 max distance b: O  
      384       41915  1.1534E+01 max distance b: O  
      385       41656  1.1534E+01 max distance b: O  
      386       41288  1.1534E+01 max distance b: O  
      387       41497  1.1534E+01 max distance b: O  
      388       41180  1.1534E+01 max distance b: O  
      389       41034  1.1534E+01 max distance b: O  
      390       40465  1.1534E+01 max distance b: O  
      391       40186  1.1534E+01 max distance b: O  
      392       39666  1.1534E+01 max distance b: O  
      393       39594  1.1534E+01 max distance b: O  
      394       39527  1.1534E+01 max distance b: O  
      395       39488  1.1534E+01 max distance b: O  
      396       39020  1.1534E+01 max distance b: O  
      397       38767  1.1534E+01 max distance b: O  
      398       38226  1.1534E+01 max distance b: O  
      399       37918  1.1534E+01 max distance b: O  
      400       37582  1.1534E+01 max distance b: O  
      401       37804  1.1534E+01 max distance b: O  
      402       37499  1.1534E+01 max distance b: O  
      403       37281  1.1534E+01 max distance b: O  
      404       36761  1.1534E+01 max distance b: O  
      405       36487  1.1534E+01 max distance b: O  
      406       35994  1.1534E+01 max distance b: O  
      407       35874  1.1534E+01 max distance b: O  
      408       35899  1.1534E+01 max distance b: O  
      409       35831  1.1534E+01 max distance b: O  
      410       35383  1.1534E+01 max distance b: O  
      411       35149  1.1534E+01 max distance b: O  
      412       34673  1.1534E+01 max distance b: O  
      413       34372  1.1534E+01 max distance b: O  
      414       34048  1.1534E+01 max distance b: O  
      415       34251  1.1534E+01 max distance b: O  
      416       34031  1.1534E+01 max distance b: O  
      417       33787  1.1534E+01 max distance b: O  
      418       33282  1.1534E+01 max distance b: O  
      419       32992  1.1534E+01 max distance b: O  
      420       32528  1.1534E+01 max distance b: O  
      421       32411  1.1534E+01 max distance b: O  
      422       32466  1.1534E+01 max distance b: O  
      423       32356  1.1534E+01 max distance b: O  
      424       32004  1.1534E+01 max distance b: O  
      425       31670  1.1534E+01 max distance b: O  
      426       31217  1.1534E+01 max distance b: O  
      427       30928  1.1534E+01 max distance b: O  
      428       30704  1.1534E+01 max distance b: O  
      429       30888  1.1534E+01 max distance b: O  
      430       30666  1.1534E+01 max distance b: O  
      431       30465  1.1534E+01 max distance b: O  
      432       30058  1.1534E+01 max distance b: O  
      433       29766  1.1534E+01 max distance b: O  
      434       29366  1.1534E+01 max distance b: O  
      435       29270  1.1534E+01 max distance b: O  
      436       29366  1.1534E+01 max distance b: O  
      437       29310  1.1534E+01 max distance b: O  
      438       29010  1.1534E+01 max distance b: O  
      439       28704  1.1534E+01 max distance b: O  
      440       28428  1.1534E+01 max distance b: O  
      441       28206  1.1534E+01 max distance b: O  
      442       28104  1.1534E+01 max distance b: O  
      443       28420  1.1534E+01 max distance b: O  
      444       28350  1.1534E+01 max distance b: O  
      445       28212  1.1534E+01 max distance b: O  
      446       28009  1.1534E+01 max distance b: O  
      447       27816  1.1534E+01 max distance b: O  
      448       27521  1.1534E+01 max distance b: O  
      449       27491  1.1534E+01 max distance b: O  
      450       27708  1.1534E+01 max distance b: O  
      451       27714  1.1534E+01 max distance b: O  
      452       27563  1.1534E+01 max distance b: O  
      453       27333  1.1534E+01 max distance b: O  
      454       27091  1.1534E+01 max distance b: O  
      455       26882  1.1534E+01 max distance b: O  
      456       26829  1.1534E+01 max distance b: O  
      457       27133  1.1534E+01 max distance b: O  
      458       27131  1.1534E+01 max distance b: O  
      459       27043  1.1534E+01 max distance b: O  
      460       26811  1.1534E+01 max distance b: O  
      461       26643  1.1534E+01 max distance b: O  
      462       26428  1.1534E+01 max distance b: O  
      463       26420  1.1534E+01 max distance b: O  
      464       26707  1.1534E+01 max distance b: O  
      465       26752  1.1534E+01 max distance b: O  
      466       26634  1.1534E+01 max distance b: O  
      467       26447  1.1534E+01 max distance b: O  
      468       26238  1.1534E+01 max distance b: O  
      469       26005  1.1534E+01 max distance b: O  
      470       25957  1.1534E+01 max distance b: O  
      471       26231  1.1534E+01 max distance b: O  
      472       26218  1.1534E+01 max distance b: O  
      473       26098  1.1534E+01 max distance b: O  
      474       25838  1.1534E+01 max distance b: O  
      475       25631  1.1534E+01 max distance b: O  
      476       25418  1.1534E+01 max distance b: O  
      477       25374  1.1534E+01 max distance b: O  
      478       25659  1.1534E+01 max distance b: O  
      479       25662  1.1534E+01 max distance b: O  
      480       25493  1.1534E+01 max distance b: O  
      481       25346  1.1534E+01 max distance b: O  
      482       25114  1.1534E+01 max distance b: O  
      483       24874  1.1534E+01 max distance b: O  
      484       24826  1.1534E+01 max distance b: O  
      485       25118  1.1534E+01 max distance b: O  
      486       25082  1.1534E+01 max distance b: O  
      487       25006  1.1534E+01 max distance b: O  
      488       24719  1.1534E+01 max distance b: O  
      489       24541  1.1534E+01 max distance b: O  
      490       24285  1.1534E+01 max distance b: O  
      491       24324  1.1534E+01 max distance b: O  
      492       24590  1.1534E+01 max distance b: O  
      493       24625  1.1534E+01 max distance b: O  
      494       24433  1.1534E+01 max distance b: O  
      495       24350  1.1534E+01 max distance b: O  
      496       24136  1.1534E+01 max distance b: O  
      497       23949  1.1534E+01 max distance b: O  
      498       23916  1.1534E+01 max distance b: O  
      499       24239  1.1534E+01 max distance b: O  
      500       24190  1.1534E+01 max distance b: O  
      501       24062  1.1534E+01 max distance b: O  
      502       23876  1.1534E+01 max distance b: O  
      503       23729  1.1534E+01 max distance b: O  
      504       23455  1.1534E+01 max distance b: O  
      505       23477  1.1534E+01 max distance b: O  
      506       23732  1.1534E+01 max distance b: O  
      507       23753  1.1534E+01 max distance b: O  
      508       23543  1.1534E+01 max distance b: O  
      509       23451  1.1534E+01 max distance b: O  
      510       23235  1.1534E+01 max distance b: O  
      511       23025  1.1534E+01 max distance b: O  
      512       22988  1.1534E+01 max distance b: O  
      513       23309  1.1534E+01 max distance b: O  
      514       23268  1.1534E+01 max distance b: O  
      515       23125  1.1534E+01 max distance b: O  
      516       22972  1.1534E+01 max distance b: O  
      517       22819  1.1534E+01 max distance b: O  
      518       22544  1.1534E+01 max distance b: O  
      519       22566  1.1534E+01 max distance b: O  
      520       22831  1.1534E+01 max distance b: O  
      521       22868  1.1534E+01 max distance b: O  
      522       22665  1.1534E+01 max distance b: O  
      523       22584  1.1534E+01 max distance b: O  
      524       22374  1.1534E+01 max distance b: O  
      525       22179  1.1534E+01 max distance b: O  
      526       22134  1.1534E+01 max distance b: O  
      527       22464  1.1534E+01 max distance b: O  
      528       22425  1.1534E+01 max distance b: O  
      529       22297  1.1534E+01 max distance b: O  
      530       22146  1.1534E+01 max distance b: O  
      531       22001  1.1534E+01 max distance b: O  
      532       21741  1.1534E+01 max distance b: O  
      533       21764  1.1534E+01 max distance b: O  
      534       22028  1.1534E+01 max distance b: O  
      535       22058  1.1534E+01 max distance b: O  
      536       21863  1.1534E+01 max distance b: O  
      537       21781  1.1534E+01 max distance b: O  
      538       21568  1.1534E+01 max distance b: O  
      539       21384  1.1534E+01 max distance b: O  
      540       21344  1.1534E+01 max distance b: O  
      541       21671  1.1534E+01 max distance b: O  
      542       21627  1.1534E+01 max distance b: O  
      543       21506  1.1534E+01 max distance b: O  
      544       21362  1.1534E+01 max distance b: O  
      545       21216  1.1534E+01 max distance b: O  
      546       20970  1.1534E+01 max distance b: O  
      547       20982  1.1534E+01 max distance b: O  
      548       21247  1.1534E+01 max distance b: O  
      549       21288  1.1534E+01 max distance b: O  
      550       21109  1.1534E+01 max distance b: O  
      551       21032  1.1534E+01 max distance b: O  
      552       20807  1.1534E+01 max distance b: O  
      553       20622  1.1534E+01 max distance b: O  
      554       20569  1.1534E+01 max distance b: O  
      555       20860  1.1534E+01 max distance b: O  
      556       20830  1.1534E+01 max distance b: O  
      557       20738  1.1534E+01 max distance b: O  
      558       20607  1.1534E+01 max distance b: O  
      559       20453  1.1534E+01 max distance b: O  
      560       20229  1.1534E+01 max distance b: O  
      561       20218  1.1534E+01 max distance b: O  
      562       20487  1.1534E+01 max distance b: O  
      563       20530  1.1534E+01 max distance b: O  
      564       20374  1.1534E+01 max distance b: O  
      565       20329  1.1534E+01 max distance b: O  
      566       20118  1.1534E+01 max distance b: O  
      567       19943  1.1534E+01 max distance b: O  
      568       19957  1.1534E+01 max distance b: O  
      569       20279  1.1534E+01 max distance b: O  
      570       20269  1.1534E+01 max distance b: O  
      571       20159  1.1534E+01 max distance b: O  
      572       20008  1.1534E+01 max distance b: O  
      573       19858  1.1534E+01 max distance b: O  
      574       19636  1.1534E+01 max distance b: O  
      575       19655  1.1534E+01 max distance b: O  
      576       19927  1.1534E+01 max distance b: O  
      577       19979  1.1534E+01 max distance b: O  
      578       19830  1.1534E+01 max distance b: O  
      579       19668  1.1534E+01 max distance b: O  
      580       19443  1.1534E+01 max distance b: O  
      581       19284  1.1534E+01 max distance b: O  
      582       19241  1.1534E+01 max distance b: O  
      583       19579  1.1534E+01 max distance b: O  
      584       19583  1.1534E+01 max distance b: O  
      585       19472  1.1534E+01 max distance b: O  
      586       19366  1.1534E+01 max distance b: O  
      587       19205  1.1534E+01 max distance b: O  
      588       18987  1.1534E+01 max distance b: O  
      589       18998  1.1534E+01 max distance b: O  
      590       19295  1.1534E+01 max distance b: O  
      591       19351  1.1534E+01 max distance b: O  
      592       19251  1.1534E+01 max distance b: O  
      593       19156  1.1534E+01 max distance b: O  
      594       19004  1.1534E+01 max distance b: O  
      595       18823  1.1534E+01 max distance b: O  
      596       18862  1.1534E+01 max distance b: O  
      597       19209  1.1534E+01 max distance b: O  
      598       19262  1.1534E+01 max distance b: O  
      599       19172  1.1534E+01 max distance b: O  
      600       19031  1.1534E+01 max distance b: O  
      601       18867  1.1534E+01 max distance b: O  
      602       18678  1.1534E+01 max distance b: O  
      603       18711  1.1534E+01 max distance b: O  
      604       19033  1.1534E+01 max distance b: O  
      605       19065  1.1534E+01 max distance b: O  
      606       18959  1.1534E+01 max distance b: O  
      607       18867  1.1534E+01 max distance b: O  
      608       18694  1.1534E+01 max distance b: O  
      609       18529  1.1534E+01 max distance b: O  
      610       18581  1.1534E+01 max distance b: O  
      611       18935  1.1534E+01 max distance b: O  
      612       18989  1.1534E+01 max distance b: O  
      613       18924  1.1534E+01 max distance b: O  
      614       18790  1.1534E+01 max distance b: O  
      615       18615  1.1534E+01 max distance b: O  
      616       18456  1.1534E+01 max distance b: O  
      617       18501  1.1534E+01 max distance b: O  
      618       18842  1.1534E+01 max distance b: O  
      619       18903  1.1534E+01 max distance b: O  
      620       18823  1.1534E+01 max distance b: O  
      621       18776  1.1534E+01 max distance b: O  
      622       18619  1.1534E+01 max distance b: O  
      623       18441  1.1534E+01 max distance b: O  
      624       18457  1.1534E+01 max distance b: O  
      625       18794  1.1534E+01 max distance b: O  
      626       18846  1.1534E+01 max distance b: O  
      627       18788  1.1534E+01 max distance b: O  
      628       18598  1.1534E+01 max distance b: O  
      629       18451  1.1534E+01 max distance b: O  
      630       18269  1.1534E+01 max distance b: O  
      631       18289  1.1534E+01 max distance b: O  
      632       18625  1.1534E+01 max distance b: O  
      633       18681  1.1534E+01 max distance b: O  
      634       18623  1.1534E+01 max distance b: O  
      635       18437  1.1534E+01 max distance b: O  
      636       18291  1.1534E+01 max distance b: O  
      637       18113  1.1534E+01 max distance b: O  
      638       18133  1.1534E+01 max distance b: O  
      639       18470  1.1534E+01 max distance b: O  
      640       18526  1.1534E+01 max distance b: O  
      641       18470  1.1534E+01 max distance b: O  
      642       18284  1.1534E+01 max distance b: O  
      643       18135  1.1534E+01 max distance b: O  
      644       17962  1.1534E+01 max distance b: O  
      645       17987  1.1534E+01 max distance b: O  
      646       18329  1.1534E+01 max distance b: O  
      647       18390  1.1534E+01 max distance b: O  
      648       18338  1.1534E+01 max distance b: O  
      649       18157  1.1534E+01 max distance b: O  
      650       18014  1.1534E+01 max distance b: O  
      651       17835  1.1534E+01 max distance b: O  
      652       17858  1.1534E+01 max distance b: O  
      653       18194  1.1534E+01 max distance b: O  
      654       18252  1.1534E+01 max distance b: O  
      655       18194  1.1534E+01 max distance b: O  
      656       18012  1.1534E+01 max distance b: O  
      657       17865  1.1534E+01 max distance b: O  
      658       17691  1.1534E+01 max distance b: O  
      659       17702  1.1534E+01 max distance b: O  
      660       18042  1.1534E+01 max distance b: O  
      661       18089  1.1534E+01 max distance b: O  
      662       18037  1.1534E+01 max distance b: O  
      663       17843  1.1534E+01 max distance b: O  
      664       17706  1.1534E+01 max distance b: O  
      665       17524  1.1534E+01 max distance b: O  
      666       17553  1.1534E+01 max distance b: O  
      667       17886  1.1534E+01 max distance b: O  
      668       17951  1.1534E+01 max distance b: O  
      669       17890  1.1534E+01 max distance b: O  
      670       17715  1.1534E+01 max distance b: O  
      671       17577  1.1534E+01 max distance b: O  
      672       17404  1.1534E+01 max distance b: O  
      673       17432  1.1534E+01 max distance b: O  
      674       17774  1.1534E+01 max distance b: O  
      675       17838  1.1534E+01 max distance b: O  
      676       17786  1.1534E+01 max distance b: O  
      677       17608  1.1534E+01 max distance b: O  
      678       17467  1.1534E+01 max distance b: O  
      679       17287  1.1534E+01 max distance b: O  
      680       17310  1.1534E+01 max distance b: O  
      681       17647  1.1534E+01 max distance b: O  
      682       17712  1.1534E+01 max distance b: O  
      683       17655  1.1534E+01 max distance b: O  
      684       17442  1.1534E+01 max distance b: O  
      685       17295  1.1534E+01 max distance b: O  
      686       17079  1.1534E+01 max distance b: O  
      687       17087  1.1534E+01 max distance b: O  
      688       17387  1.1534E+01 max distance b: O  
      689       17431  1.1534E+01 max distance b: O  
      690       17335  1.1534E+01 max distance b: O  
      691       17136  1.1534E+01 max distance b: O  
      692       16945  1.1534E+01 max distance b: O  
      693       16762  1.1534E+01 max distance b: O  
      694       16736  1.1534E+01 max distance b: O  
      695       17067  1.1534E+01 max distance b: O  
      696       17077  1.1534E+01 max distance b: O  
      697       16975  1.1534E+01 max distance b: O  
      698       16707  1.1534E+01 max distance b: O  
      699       16522  1.1534E+01 max distance b: O  
      700       16262  1.1534E+01 max distance b: O  
      701       16243  1.1534E+01 max distance b: O  
      702       16498  1.1534E+01 max distance b: O  
      703       16472  1.1534E+01 max distance b: O  
      704       16330  1.1534E+01 max distance b: O  
      705       16098  1.1534E+01 max distance b: O  
      706       15867  1.1534E+01 max distance b: O  
      707       15643  1.1534E+01 max distance b: O  
      708       15578  1.1534E+01 max distance b: O  
      709       15869  1.1534E+01 max distance b: O  
      710       15802  1.1534E+01 max distance b: O  
      711       15660  1.1534E+01 max distance b: O  
      712       15350  1.1534E+01 max distance b: O  
      713       15109  1.1534E+01 max distance b: O  
      714       14798  1.1534E+01 max distance b: O  
      715       14723  1.1534E+01 max distance b: O  
      716       14909  1.1534E+01 max distance b: O  
      717       14852  1.1534E+01 max distance b: O  
      718       14652  1.1534E+01 max distance b: O  
      719       14350  1.1534E+01 max distance b: O  
      720       14058  1.1534E+01 max distance b: O  
      721       13733  1.1534E+01 max distance b: O  
      722       13577  1.1534E+01 max distance b: O  
      723       13768  1.1534E+01 max distance b: O  
      724       13692  1.1534E+01 max distance b: O  
      725       13492  1.1534E+01 max distance b: O  
      726       13185  1.1534E+01 max distance b: O  
      727       12886  1.1534E+01 max distance b: O  
      728       12563  1.1534E+01 max distance b: O  
      729       12429  1.1534E+01 max distance b: O  
      730       12636  1.1534E+01 max distance b: O  
      731       12605  1.1534E+01 max distance b: O  
      732       12425  1.1534E+01 max distance b: O  
      733       12162  1.1534E+01 max distance b: O  
      734       11931  1.1534E+01 max distance b: O  
      735       11668  1.1534E+01 max distance b: O  
      736       11604  1.1534E+01 max distance b: O  
      737       11874  1.1534E+01 max distance b: O  
      738       11863  1.1534E+01 max distance b: O  
      739       11722  1.1534E+01 max distance b: O  
      740       11468  1.1534E+01 max distance b: O  
      741       11247  1.1534E+01 max distance b: O  
      742       11041  1.1534E+01 max distance b: O  
      743       11034  1.1534E+01 max distance b: O  
      744       11351  1.1534E+01 max distance b: O  
      745       11386  1.1534E+01 max distance b: O  
      746       11299  1.1534E+01 max distance b: O  
      747       11084  1.1534E+01 max distance b: O  
      748       10933  1.1534E+01 max distance b: O  
      749       10726  1.1534E+01 max distance b: O  
      750       10742  1.1534E+01 max distance b: O  
      751       11056  1.1534E+01 max distance b: O  
      752       11103  1.1534E+01 max distance b: O  
      753       11022  1.1534E+01 max distance b: O  
      754       10837  1.1534E+01 max distance b: O  
      755       10678  1.1534E+01 max distance b: O  
      756       10493  1.1534E+01 max distance b: O  
      757       10481  1.1534E+01 max distance b: O  
      758       10781  1.1534E+01 max distance b: O  
      759       10804  1.1534E+01 max distance b: O  
      760       10703  1.1534E+01 max distance b: O  
      761       10494  1.1534E+01 max distance b: O  
      762       10312  1.1534E+01 max distance b: O  
      763       10102  1.1534E+01 max distance b: O  
      764       10086  1.1534E+01 max distance b: O  
      765       10393  1.1534E+01 max distance b: O  
      766       10419  1.1534E+01 max distance b: O  
      767       10326  1.1534E+01 max distance b: O  
      768       10123  1.1534E+01 max distance b: O  
      769        9939  1.1534E+01 max distance b: O  
      770        9694  1.1534E+01 max distance b: O  
      771        9637  1.1534E+01 max distance b: O  
      772        9915  1.1534E+01 max distance b: O  
      773        9903  1.1534E+01 max distance b: O  
      774        9780  1.1534E+01 max distance b: O  
      775        9552  1.1534E+01 max distance b: O  
      776        9354  1.1534E+01 max distance b: O  
      777        9117  1.1534E+01 max distance b: O  
      778        9080  1.1534E+01 max distance b: O  
      779        9388  1.1534E+01 max distance b: O  
      780        9427  1.1534E+01 max distance b: O  
      781        9295  1.1534E+01 max distance b: O  
      782        9062  1.1534E+01 max distance b: O  
      783        8865  1.1534E+01 max distance b: O  
      784        8631  1.1534E+01 max distance b: O  
      785        8613  1.1534E+01 max distance b: O  
      786        8905  1.1534E+01 max distance b: O  
      787        8874  1.1534E+01 max distance b: O  
      788        8747  1.1534E+01 max distance b: O  
      789        8489  1.1534E+01 max distance b: O  
      790        8215  1.1534E+01 max distance b: O  
      791        7846  1.1534E+01 max distance b: O  
      792        7573  1.1534E+01 max distance b: O  
      793        7597  1.1534E+01 max distance b: O  
      794        7331  1.1534E+01 max distance b: O  
      795        6942  1.1533E+01 max distance b: O  
      796        6328  1.1531E+01 max distance b: O  
      797        5818  1.1529E+01 max distance b: O  
      798        5215  1.1527E+01 max distance b: O  
      799        4711  1.1525E+01 max distance b: O  
      800        4530  1.1523E+01 max distance b: O  
      801        4062  1.1521E+01 max distance b: O  
      802        3422  1.1519E+01 max distance b: O  
      803        2667  1.1518E+01 max distance b: O  
      804        1982  1.1516E+01 max distance b: O  
      805        1227  1.1516E+01 max distance b: O  
      806         620  1.1506E+01 max distance b: O  
      807           0  0.0000E+00 max distance b: O  
        2048          11 before_k
         320          36 before_i
        1152          33 before_i
        2496          12 before_k
        2304          34 before_i
        1664          13 before_k
        2624          35 before_i
        3136          18 before_k
        2816          19 before_k
         640          20 before_k
        6400           0 after_i
       12800           0 after_k
         320          36 back_i
       12800           0 back_k
        1152          33 back_i
        2304          34 back_i
        2624          35 back_i
gs_setup: 6400 unique labels shared
   pairwise times (avg, min, max): 3.14845e-06 9.53674e-08 2.54869e-05
   crystal router                : 0.000244617 0.000237107 0.000264907
   all reduce                    : 0.000302462 0.000299811 0.000307202
   used all_to_all method: pairwise
   handle bytes (avg, min, max): 4470.67 196 75556
   buffer bytes (avg, min, max): 2844.44 0 50176
   5.5010728346452726      volume
  0.99999796696887877      ubar
 -9.26050413915088577E-007 vbar
  6.44698107758644594E-007 wbar
  0.99999796696951537      velocity magnitude
   1.0000020330346178      scale

        0  0.0000E+00 Write checkpoint
       FILE:elbow0.f00001                                                                                                                       

        0  0.0000E+00 done :: Write checkpoint
                              file size =     302.E+00MB
                              avg data-throughput =    71.4MB/s
                              io-nodes =    72

 done :: userchk

gridpoints unique/tot:       7772157     11269120
  dofs:              7334837              4754160
  
 Initialization successfully completed    52.761     sec

Starting time loop ...

     DT/DTCFL/DTFS/DTINIT   0.100E-03   0.274-316   0.494-323   0.100E-03
Step      1, t= 1.0000000E-04, DT= 1.0000000E-04, C=  0.052 0.0000E+00 0.0000E+00
             Solving for fluid
          1  Hmholtz VELX       1   3.3359E+00   8.6952E-05   1.0000E-07   1.0000E+04   F
          1  Hmholtz VELX       2   1.0487E-03   8.6952E-05   1.0000E-07   1.0000E+04   F
          1  Hmholtz VELX       3   5.1712E-07   8.6952E-05   1.0000E-07   1.0000E+04   F
          1  Hmholtz VELX       4   3.2335E-10   8.6952E-05   1.0000E-07   1.0000E+04   F
          1  Hmholtz VELX       3   3.2335E-10   3.3359E+00   1.0000E-07
          1  Hmholtz VELY       1   2.9837E+00   8.6952E-05   1.0000E-07   1.0000E+04   F
          1  Hmholtz VELY       2   9.5294E-04   8.6952E-05   1.0000E-07   1.0000E+04   F
          1  Hmholtz VELY       3   4.8391E-07   8.6952E-05   1.0000E-07   1.0000E+04   F
          1  Hmholtz VELY       4   3.0534E-10   8.6952E-05   1.0000E-07   1.0000E+04   F
          1  Hmholtz VELY       3   3.0534E-10   2.9837E+00   1.0000E-07
          1  Hmholtz VELZ       1   3.4049E+00   8.6952E-05   1.0000E-07   1.0000E+04   F
          1  Hmholtz VELZ       2   1.0717E-03   8.6952E-05   1.0000E-07   1.0000E+04   F
          1  Hmholtz VELZ       3   5.2643E-07   8.6952E-05   1.0000E-07   1.0000E+04   F
          1  Hmholtz VELZ       4   3.2809E-10   8.6952E-05   1.0000E-07   1.0000E+04   F
          1  Hmholtz VELZ       3   3.2809E-10   3.4049E+00   1.0000E-07
    1 1.00000E-06 3.94318E-01 4.54336E-01 8.67900E-01       1 Divergence
    2 1.00000E-06 2.38486E-01 4.54336E-01 5.24911E-01       1 Divergence
    3 1.00000E-06 9.03159E-02 4.54336E-01 1.98786E-01       1 Divergence
    4 1.00000E-06 3.87050E-02 4.54336E-01 8.51903E-02       1 Divergence
    5 1.00000E-06 1.48764E-02 4.54336E-01 3.27432E-02       1 Divergence
    6 1.00000E-06 5.12922E-03 4.54336E-01 1.12895E-02       1 Divergence
    7 1.00000E-06 1.85462E-03 4.54336E-01 4.08205E-03       1 Divergence
    8 1.00000E-06 1.12207E-03 4.54336E-01 2.46969E-03       1 Divergence
    9 1.00000E-06 5.13120E-04 4.54336E-01 1.12939E-03       1 Divergence
   10 1.00000E-06 2.37978E-04 4.54336E-01 5.23793E-04       1 Divergence
   11 1.00000E-06 1.34176E-04 4.54336E-01 2.95324E-04       1 Divergence
   12 1.00000E-06 5.28109E-05 4.54336E-01 1.16238E-04       1 Divergence
   13 1.00000E-06 2.54754E-05 4.54336E-01 5.60717E-05       1 Divergence
   14 1.00000E-06 1.34137E-05 4.54336E-01 2.95237E-05       1 Divergence
   15 1.00000E-06 6.29202E-06 4.54336E-01 1.38488E-05       1 Divergence
   16 1.00000E-06 3.16361E-06 4.54336E-01 6.96316E-06       1 Divergence
   17 1.00000E-06 1.31731E-06 4.54336E-01 2.89942E-06       1 Divergence
   18 1.00000E-06 6.59301E-07 4.54336E-01 1.45113E-06       1 Divergence
          1  U-PRES gmres      18   6.5930E-07   4.5434E-01   1.0000E-06   5.0914E-01   1.9466E+00
          1  Fluid done  1.0000E-04  2.5154E+00
filt amp 0.0000 0.0000 0.0000 0.0000 0.0000 0.0000 0.0000 0.0100
filt trn 1.0000 1.0000 1.0000 1.0000 1.0000 1.0000 1.0000 0.9900
   5.5010728346452726      volume
  0.99999803594784842      ubar
 -1.09527873605982834E-006 vbar
  6.53357294364916775E-007 wbar
  0.99999803594866166      velocity magnitude
   1.0000019640551958      scale
Step      2, t= 2.0000000E-04, DT= 1.0000000E-04, C=  0.052 3.1694E+00 3.1694E+00
             Solving for fluid
          2  Hmholtz VELX       3   1.4589E-10   5.3581E+00   1.0000E-07
          2  Hmholtz VELY       3   4.5204E-09   1.8977E+02   1.0000E-07
          2  Hmholtz VELZ       3   1.4831E-10   5.4560E+00   1.0000E-07
          2  U-PRES gmres      19   6.6385E-07   1.0575E+00   1.0000E-06   5.4326E-01   2.0454E+00
          2  Fluid done  2.0000E-04  2.6101E+00
   5.5010728346452726      volume
  0.99999799394510891      ubar
 -1.09624268294485489E-006 vbar
  6.49314859639688790E-007 wbar
  0.99999799394592059      velocity magnitude
   1.0000020060581036      scale
Step      3, t= 3.0000000E-04, DT= 1.0000000E-04, C=  0.052 6.1465E+00 2.9771E+00
             Solving for fluid
          3  Hmholtz VELX       3   1.2573E-10   1.1974E+01   1.0000E-07
          3  Hmholtz VELY       3   1.3033E-08   9.9934E+02   1.0000E-07
          3  Hmholtz VELZ       3   1.2916E-10   1.2047E+01   1.0000E-07
          3  U-PRES gmres      20   4.7521E-07   1.8079E+00   1.0000E-06   5.6336E-01   2.1569E+00
          3  Fluid done  3.0000E-04  2.7224E+00
   5.5010728346452726      volume
  0.99999794425029254      ubar
 -1.09778079855390143E-006 vbar
  6.46186077616964136E-007 wbar
  0.99999794425110389      velocity magnitude
   1.0000020557531222      scale
       1 particles on proc:        1
           1 total particle count
 initializing intpts(), tol=  9.99999999999999980E-013
 call fgslib_findpts
 local particle interpolation complete
 local particle interpolation complete
 local particle interpolation complete
 local particle interpolation complete
 local particle interpolation complete
 local particle interpolation complete
 Fluid viscosity  8.69521700000000020E-005
 Particle diameter  1.00000000000000002E-003
 Velocity relative:   0.0000000000000000     
 velocity P:  7.77965756578021250E-002
 velocity px :  7.48554351061008066E-002
 local particle interpolation complete
  3.81310489973240479E-003 delta_s
 velocity py : -2.04489032966803869E-003
 velocity pz :  2.10900318325054383E-002
 velocity F :  7.77965756578021250E-002
 velocity fx :  7.48554351061008066E-002
 velocity fy : -2.04489032966803869E-003
 velocity fz :  2.10900318325054383E-002
 Particle Reynolds is :   0.0000000000000000     
 Particle volume :  5.23598775598298862E-010
 Particle density is :   2.0000000000000000     
 Particle density ratio is :   2.0000000000000000     
 CD :   0.0000000000000000     
 Stokes_mean number:   0.24852927655451307     
 Stokes number:   1.59730215920877950E-003
 Term_velocity                 +Infinity
 Force acting on particle FG   0.0000000000000000                1
 Force acting on particle FD  -0.0000000000000000                1
 Force acting on particle FS -4.28468829109250911E-011           1
 Force acting on particle FL   0.0000000000000000                1
 Total force FP -4.28468829109250911E-011           1
 Particle Acceleration -3.27326074144962467E-002           1
 Force acting on particle FG -5.13650398861931229E-009           2
 Force acting on particle FD  -0.0000000000000000                2
 Force acting on particle FS -1.37933675118471849E-010           2
 Force acting on particle FL   0.0000000000000000                2
 Total force FP -5.27443766373778450E-009           2
 Particle Acceleration  -4.0293735658268952                2
 Force acting on particle FG   0.0000000000000000                3
 Force acting on particle FD  -0.0000000000000000                3
 Force acting on particle FS -3.93627596886924402E-010           3
 Force acting on particle FL   0.0000000000000000                3
 Total force FP -3.93627596886924402E-010           3
 Particle Acceleration -0.30070933335330224                3
        1     9260109  1.6412E-01 max distance b: W  
        2     7850206  3.0608E-01 max distance b: W  
        3     8146571  4.7762E-01 max distance b: W  
        4     8153636  6.5670E-01 max distance b: W  
        5     7512177  8.5079E-01 max distance b: W  
        6     4488043  7.4530E-01 max distance b: W  
        7     3179384  6.4279E-01 max distance b: W  
        8     2792991  6.3627E-01 max distance b: W  
        9     2629221  6.2944E-01 max distance b: W  
       10     2443203  6.2631E-01 max distance b: W  
       11     2234050  6.2372E-01 max distance b: W  
       12     1982962  6.2142E-01 max distance b: W  
       13     1713620  6.2148E-01 max distance b: W  
       14     1491963  6.1876E-01 max distance b: W  
       15     1340191  6.1307E-01 max distance b: W  
       16     1267330  6.1117E-01 max distance b: W  
       17     1099741  6.0950E-01 max distance b: W  
       18      962408  6.0789E-01 max distance b: W  
       19      843974  6.0470E-01 max distance b: W  
       20      708741  6.0281E-01 max distance b: W  
       21      585291  6.0114E-01 max distance b: W  
       22      489000  6.0070E-01 max distance b: W  
       23      462902  5.9981E-01 max distance b: W  
       24      402818  5.9974E-01 max distance b: W  
       25      332854  5.9185E-01 max distance b: W  
       26      261998  5.1466E-01 max distance b: W  
       27      187815  5.1567E-01 max distance b: W  
       28      124547  5.1588E-01 max distance b: W  
       29      105006  5.1588E-01 max distance b: W  
       30       85461  5.1284E-01 max distance b: W  
       31       70920  5.0622E-01 max distance b: W  
       32       50332  5.0000E-01 max distance b: W  
       33       29903  5.1667E-01 max distance b: W  
       34        9675  5.0640E-01 max distance b: W  
       35          24  5.0000E-01 max distance b: W  
       36           0  0.0000E+00 max distance b: W  
 local particle interpolation complete
 local particle interpolation complete
 Checking particle position...
 counting           1 group           1
 number of particles < y+5           1
 call fgslib_findpts
 local particle interpolation complete
 local particle interpolation complete
 local particle interpolation complete
 local particle interpolation complete
 local particle interpolation complete
 local particle interpolation complete
 Fluid viscosity  8.69521700000000020E-005
 Particle diameter  1.00000000000000002E-003
 Velocity relative:   0.0000000000000000     
 velocity P:  7.77965756578021250E-002
 velocity px :  7.48554351061008066E-002
 local particle interpolation complete
 local particle interpolation complete
 local particle interpolation complete
 velocity py : -2.04489032966803869E-003
 velocity pz :  2.10900318325054383E-002
 velocity F :  7.77965756578021250E-002
 velocity fx :  7.48554351061008066E-002
 velocity fy : -2.04489032966803869E-003
 velocity fz :  2.10900318325054383E-002
 Particle Reynolds is :   0.0000000000000000     
 Particle volume :  5.23598775598298862E-010
 Particle density is :   2.0000000000000000     
 Particle density ratio is :   2.0000000000000000     
 CD :   0.0000000000000000     
 Checking particle position...
 Stokes_mean number:   0.24852927655451307     
 Stokes number:   1.59730215920877950E-003
 Term_velocity                 +Infinity
 Force acting on particle FG   0.0000000000000000                1
 Force acting on particle FD  -0.0000000000000000                1
 Force acting on particle FS -4.28468829109250911E-011           1
 Force acting on particle FL   0.0000000000000000                1
 Total force FP -4.28468829109250911E-011           1
 Particle Acceleration -3.27326074144962467E-002           1
 Force acting on particle FG -5.13650398861931229E-009           2
 Force acting on particle FD  -0.0000000000000000                2
 Force acting on particle FS -1.37933675118471849E-010           2
 Force acting on particle FL   0.0000000000000000                2
 Total force FP -5.27443766373778450E-009           2
 Particle Acceleration  -4.0293735658268952                2
 Force acting on particle FG   0.0000000000000000                3
 Force acting on particle FD  -0.0000000000000000                3
 Force acting on particle FS -3.93627596886924402E-010           3
 Force acting on particle FL   0.0000000000000000                3
 Total force FP -3.93627596886924402E-010           3
 Particle Acceleration -0.30070933335330224                3
 counting           1 group           1
 number of particles < y+5           1
 call fgslib_findpts
 local particle interpolation complete
 particle output           1
Step      4, t= 4.0000000E-04, DT= 1.0000000E-04, C=  0.052 1.1206E+01 5.0594E+00
             Solving for fluid
          4  Hmholtz VELX       3   1.1070E-10   9.1865E+00   1.0000E-07
          4  Hmholtz VELY       3   8.6501E-09   6.6314E+02   1.0000E-07
          4  Hmholtz VELZ       3   1.1313E-10   9.2763E+00   1.0000E-07
          4  U-PRES gmres      19   8.5381E-07   1.4564E+00   1.0000E-06   5.3970E-01   2.0468E+00
          4  Fluid done  4.0000E-04  2.6520E+00
   5.5010728346452726      volume
  0.99999793159311645      ubar
 -1.09932897269360761E-006 vbar
  6.43028823722737295E-007 wbar
  0.99999793159392747      velocity magnitude
   1.0000020684103508      scale
 local particle interpolation complete
 local particle interpolation complete
 local particle interpolation complete
 Fluid viscosity  8.69521700000000020E-005
 local particle interpolation complete
 Particle diameter  1.00000000000000002E-003
 Velocity relative:  4.06720594931153233E-004
 velocity P:  7.77969147613195439E-002
 velocity px :  7.48521618453593524E-002
 velocity py : -2.44782768625072819E-003
 velocity pz :  2.10599608991701090E-002
 velocity F :  7.77754689802419852E-002
 velocity fx :  7.48330033806299949E-002
 velocity fy : -2.04282310056549607E-003
 velocity fz :  2.10919902785630768E-002
 Particle Reynolds is :  4.67752092824311617E-003
 Particle volume :  5.23598775598298862E-010
 Particle density is :   2.0000000000000000     
 Particle density ratio is :   2.0000000000000000     
 CD :   5135.4230612067922     
 Stokes_mean number:   0.24853035985607422     
 Stokes number:   1.59730215920877950E-003
 Term_velocity  1.38212203262092761E-003
 Force acting on particle FG   0.0000000000000000                1
 Force acting on particle FD -7.40214384257187085E-013           1
 Force acting on particle FS -1.57588077660370663E-010           1
 Force acting on particle FL  2.91301827431879702E-010           1
 Total force FP  1.32973535387251854E-010           1
 Particle Acceleration  0.10158429819497375                1
 Force acting on particle FG -5.13650398861931229E-009           2
 Force acting on particle FD  3.30792758615951466E-010           2
 Force acting on particle FS  8.03210866855818000E-011           2
 Force acting on particle FL -1.06493823354717945E-011           2
 Total force FP -4.73603952565325097E-009           2
 Particle Acceleration  -3.6180676856942884                2
 Force acting on particle FG   0.0000000000000000                3
 Force acting on particle FD  2.06886980076653201E-012           3
 Force acting on particle FS  2.18672737660182259E-010           3
 Force acting on particle FL  1.82461480624968045E-009           3
 Total force FP  2.04535641371062923E-009           3
 Particle Acceleration   1.5625372014084400                3
 counting           1 group           1
 local particle interpolation complete
 local particle interpolation complete
 local particle interpolation complete
 local particle interpolation complete
 Checking particle position...
 number of particles < y+5           1
 call fgslib_findpts
 local particle interpolation complete
Step      5, t= 5.0000000E-04, DT= 1.0000000E-04, C=  0.052 1.4477E+01 3.2715E+00
             Solving for fluid
          5  Hmholtz VELX       3   1.0121E-10   7.3745E+00   1.0000E-07
          5  Hmholtz VELY       3   5.2225E-09   4.0029E+02   1.0000E-07
          5  Hmholtz VELZ       3   1.0324E-10   7.4827E+00   1.0000E-07
          5  U-PRES gmres      18   9.0951E-07   7.7897E-01   1.0000E-06   6.7540E-01   2.2064E+00
          5  Fluid done  5.0000E-04  2.7599E+00
   5.5010728346452726      volume
  0.99999794217173210      ubar
 -1.10110213184292328E-006 vbar
  6.40235491860644472E-007 wbar
  0.99999794217254323      velocity magnitude
   1.0000020578316915      scale
 Fluid viscosity  8.69521700000000020E-005
 Particle diameter  1.00000000000000002E-003
 Velocity relative:  7.81008211581923017E-004
 velocity P:  7.78924965720013962E-002
 velocity px :  7.48690361204593230E-002
 velocity py : -2.78906916081352648E-003
 velocity pz :  2.13093769460490391E-002
 velocity F :  7.77449286301512693E-002
 velocity fx :  7.48159980528026042E-002
 velocity fy : -2.05860303433153414E-003
 velocity fz :  2.10381205581057704E-002
 Particle Reynolds is :  8.98204393958107125E-003
 Particle volume :  5.23598775598298862E-010
 Particle density is :   2.0000000000000000     
 Particle density ratio is :   2.0000000000000000     
 CD :   2676.4976167383766     
 Stokes_mean number:   0.24883570592124057     
 Stokes number:   1.59730215920877950E-003
 Term_velocity  1.91448105544190432E-003
 Force acting on particle FG   0.0000000000000000                1
 Force acting on particle FD -2.95666508411206264E-012           1
 Force acting on particle FS -1.55916155075458647E-010           1
 Force acting on particle FL  5.41537153194855243E-010           1
 Total force FP  3.82664333035284514E-010           1
 Particle Acceleration  0.29233401670813819                1
 Force acting on particle FG -5.13650398861931229E-009           2
 Force acting on particle FD  5.60824411859004915E-010           2
 Force acting on particle FS  8.05015552961518615E-011           2
 Force acting on particle FL -2.09316775793072706E-011           2
 Total force FP -4.51610969904346234E-009           2
 Particle Acceleration  -3.4500536743104901                2
 Force acting on particle FG   0.0000000000000000                3
 Force acting on particle FD -7.73368885674157741E-011           3
 Force acting on particle FS  2.24835348879031472E-010           3
 Force acting on particle FL  1.59122051118894434E-009           3
 Total force FP  1.73871897150055995E-009           3
 Particle Acceleration   1.3282834510174579                3
 counting           1 group           1
 local particle interpolation complete
 local particle interpolation complete
 local particle interpolation complete
 local particle interpolation complete
 local particle interpolation complete
 local particle interpolation complete
 local particle interpolation complete
 local particle interpolation complete
 Checking particle position...
 number of particles < y+5           1
 call fgslib_findpts
 local particle interpolation complete
Step      6, t= 6.0000000E-04, DT= 1.0000000E-04, C=  0.052 1.7640E+01 3.1627E+00
             Solving for fluid
          6  Hmholtz VELX       3   9.6221E-11   6.4074E+00   1.0000E-07
          6  Hmholtz VELY       3   2.5111E-09   1.9229E+02   1.0000E-07
          6  Hmholtz VELZ       3   9.7994E-11   6.5309E+00   1.0000E-07
          6  U-PRES gmres      18   4.8052E-07   3.7344E-01   1.0000E-06   5.1066E-01   1.9293E+00
          6  Fluid done  6.0000E-04  2.4946E+00
   5.5010728346452726      volume
  0.99999796531895224      ubar
 -1.10289128266597435E-006 vbar
  6.37467008060993151E-007 wbar
  0.99999796531976359      velocity magnitude
   1.0000020346843763      scale
 Fluid viscosity  8.69521700000000020E-005
 Particle diameter  1.00000000000000002E-003
 Velocity relative:  1.12542311750243678E-003
 velocity P:  7.79544284669166365E-002
 velocity px :  7.49101583752601191E-002
 velocity py : -3.13581098887325254E-003
 velocity pz :  2.13430967584165403E-002
 velocity F :  7.77119795409538378E-002
 velocity fx :  7.47960774322230931E-002
 velocity fy : -2.07480653989585177E-003
 velocity fz :  2.09855603391599158E-002
 Particle Reynolds is :  1.29430135843928533E-002
 Particle volume :  5.23598775598298862E-010
 Particle density is :   2.0000000000000000     
 Particle density ratio is :   2.0000000000000000     
 CD :   1858.7822228773719     
 Stokes_mean number:   0.24903355382018461     
 Stokes number:   1.59730215920877950E-003
 Term_velocity  2.29731341457727750E-003
 Force acting on particle FG   0.0000000000000000                1
 Force acting on particle FD -9.49980304017320955E-012           1
 Force acting on particle FS -1.53648970267722454E-010           1
 Force acting on particle FL  7.83439598592774092E-010           1
 Total force FP  6.20290825284878407E-010           1
 Particle Acceleration  0.47386728479347012                1
 Force acting on particle FG -5.13650398861931229E-009           2
 Force acting on particle FD  8.21718010436500374E-010           2
 Force acting on particle FS  8.17486917126699057E-011           2
 Force acting on particle FL -3.02252084887822597E-011           2
 Total force FP -4.26326249495892394E-009           2
 Particle Acceleration  -3.2568926389007964                2
 Force acting on particle FG   0.0000000000000000                3
 Force acting on particle FD -9.33101674305184653E-011           3
 Force acting on particle FS  2.17423709570137830E-010           3
 Force acting on particle FL  1.74206642564057431E-009           3
 Total force FP  1.86617996778019375E-009           3
 Particle Acceleration   1.4256564795422006                3
 counting           1 group           1
 local particle interpolation complete
 local particle interpolation complete
 local particle interpolation complete
 local particle interpolation complete
 local particle interpolation complete
 local particle interpolation complete
 local particle interpolation complete
 local particle interpolation complete
 Checking particle position...
 number of particles < y+5           1
 call fgslib_findpts
 local particle interpolation complete
Step      7, t= 7.0000000E-04, DT= 1.0000000E-04, C=  0.052 2.0540E+01 2.8996E+00
             Solving for fluid
          7  Hmholtz VELX       3   9.4765E-11   6.1382E+00   1.0000E-07
          7  Hmholtz VELY       3   9.3355E-10   7.1036E+01   1.0000E-07
          7  Hmholtz VELZ       3   9.6514E-11   6.2663E+00   1.0000E-07
          7  U-PRES gmres      17   4.4428E-07   1.3730E-01   1.0000E-06   4.8239E-01   1.8181E+00
          7  Fluid done  7.0000E-04  2.3793E+00
   5.5010728346452726      volume
  0.99999798759869407      ubar
 -1.10468914911796830E-006 vbar
  6.34706923848501337E-007 wbar
  0.99999798759950576      velocity magnitude
   1.0000020124045441      scale
 Fluid viscosity  8.69521700000000020E-005
 Particle diameter  1.00000000000000002E-003
 Velocity relative:  1.48801751558800036E-003
 velocity P:  7.80658811724929402E-002
 velocity px :  7.49662377483759079E-002
 velocity py : -3.45079440832510211E-003
 velocity pz :  2.15043488402518190E-002
 velocity F :  7.76760576566325467E-002
 velocity fx :  7.47732240882545557E-002
 velocity fy : -2.09073127914815833E-003
 velocity fz :  2.09323609572012563E-002
 Particle Reynolds is :  1.71130578522422187E-002
 Particle volume :  5.23598775598298862E-010
 Particle density is :   2.0000000000000000     
 Particle density ratio is :   2.0000000000000000     
 CD :   1406.9378464223696     
 Stokes_mean number:   0.24938960111471800     
 Stokes number:   1.59730215920877950E-003
 Term_velocity  2.64056612506195169E-003
 Force acting on particle FG   0.0000000000000000                1
 Force acting on particle FD -2.05831050536233151E-011           1
 Force acting on particle FS -1.52545289534377824E-010           1
 Force acting on particle FL  1.00854109013309895E-009           1
 Total force FP  8.35412695545097779E-010           1
 Particle Acceleration  0.63820828808508923                1
 Force acting on particle FG -5.13650398861931229E-009           2
 Force acting on particle FD  1.02200479254831023E-009           2
 Force acting on particle FS  8.01746815884978540E-011           2
 Force acting on particle FL -3.93423448939694363E-011           2
 Total force FP -4.07366685937647304E-009           2
 Particle Acceleration  -3.1120522424611323                2
 Force acting on particle FG   0.0000000000000000                3
 Force acting on particle FD -1.80762548483749441E-010           3
 Force acting on particle FS  2.16971834317633207E-010           3
 Force acting on particle FL  1.86555793023572993E-009           3
 Total force FP  1.90176721606961385E-009           3
 Particle Acceleration   1.4528431346284396                3
 counting           1 group           1
 local particle interpolation complete
 local particle interpolation complete
 local particle interpolation complete
 local particle interpolation complete
 local particle interpolation complete
 local particle interpolation complete
 local particle interpolation complete
 local particle interpolation complete
 Checking particle position...
 number of particles < y+5           1
 call fgslib_findpts
 local particle interpolation complete
Step      8, t= 8.0000000E-04, DT= 1.0000000E-04, C=  0.052 2.3325E+01 2.7851E+00
             Solving for fluid
          8  Hmholtz VELX       3   9.4442E-11   6.0939E+00   1.0000E-07
          8  Hmholtz VELY       3   2.3375E-10   1.6017E+01   1.0000E-07
          8  Hmholtz VELZ       3   9.6188E-11   6.2230E+00   1.0000E-07
          8  U-PRES gmres      15   6.0969E-07   2.9134E-02   1.0000E-06   4.2866E-01   1.6048E+00
          8  Fluid done  8.0000E-04  2.1657E+00
   5.5010728346452726      volume
  0.99999800894245361      ubar
 -1.10649359856918494E-006 vbar
  6.31954195798369437E-007 wbar
  0.99999800894326540      velocity magnitude
   1.0000019910606990      scale
 Fluid viscosity  8.69521700000000020E-005
 Particle diameter  1.00000000000000002E-003
 Velocity relative:  1.84383203410448085E-003
 velocity P:  7.81881543570994292E-002
 velocity px :  7.50375592829825994E-002
 velocity py : -3.75677097270631696E-003
 velocity pz :  2.16480680542423705E-002
 velocity F :  7.76376072966119546E-002
 velocity fx :  7.47478332957793451E-002
 velocity fy : -2.10633192442618872E-003
 velocity fz :  2.08787655323167294E-002
 Particle Reynolds is :  2.12051296029125078E-002
 Particle volume :  5.23598775598298862E-010
 Particle density is :   2.0000000000000000     
 Particle density ratio is :   2.0000000000000000     
 CD :   1136.3016182604995     
 Stokes_mean number:   0.24978021555828855     
 Stokes number:   1.59730215920877950E-003
 Term_velocity  2.93824287097059879E-003
 Force acting on particle FG   0.0000000000000000                1
 Force acting on particle FD -3.74566052083955253E-011           1
 Force acting on particle FS -1.51455308875691904E-010           1
 Force acting on particle FL  1.22584896722610692E-009           1
 Total force FP  1.03693705314201953E-009           1
 Particle Acceleration  0.79216155687693968                1
 Force acting on particle FG -5.13650398861931229E-009           2
 Force acting on particle FD  1.21549308170064485E-009           2
 Force acting on particle FS  7.84898106942545739E-011           2
 Force acting on particle FL -4.81370384638332348E-011           2
 Total force FP -3.89065813468824591E-009           2
 Particle Acceleration  -2.9722438752783713                2
 Force acting on particle FG   0.0000000000000000                3
 Force acting on particle FD -2.64087486527972349E-010           3
 Force acting on particle FS  2.16300795193141392E-010           3
 Force acting on particle FL  1.98474385472557893E-009           3
 Total force FP  1.93695716339074781E-009           3
 Particle Acceleration   1.4797262741322887                3
 counting           1 group           1
 local particle interpolation complete
 local particle interpolation complete
 local particle interpolation complete
 local particle interpolation complete
 local particle interpolation complete
 local particle interpolation complete
 local particle interpolation complete
 local particle interpolation complete
 Checking particle position...
 number of particles < y+5           1
 call fgslib_findpts
 local particle interpolation complete
Step      9, t= 9.0000000E-04, DT= 1.0000000E-04, C=  0.052 2.5895E+01 2.5702E+00
             Solving for fluid
          9  Hmholtz VELX       3   9.4326E-11   6.0907E+00   1.0000E-07
          9  Hmholtz VELY       3   8.9221E-11   5.4397E+00   1.0000E-07
          9  Hmholtz VELZ       3   9.6086E-11   6.2199E+00   1.0000E-07
          9  U-PRES gmres       4   9.1103E-07   5.0671E-05   1.0000E-06   1.1405E-01   4.2192E-01
          9  Fluid done  9.0000E-04  9.9045E-01
   5.5010728346452726      volume
  0.99999802946101624      ubar
 -1.10830448963380672E-006 vbar
  6.29208609807755120E-007 wbar
  0.99999802946182836      velocity magnitude
   1.0000019705420546      scale
 Fluid viscosity  8.69521700000000020E-005
 Particle diameter  1.00000000000000002E-003
 Velocity relative:  2.19485057423107277E-003
 velocity P:  7.83270502990338346E-002
 velocity px :  7.51240402798390577E-002
 velocity py : -4.04721460976072058E-003
 velocity pz :  2.17973721921481921E-002
 velocity F :  7.75965373440881262E-002
 velocity fx :  7.47198351335614935E-002
 velocity fy : -2.12163218902489169E-003
 velocity fz :  2.08246854060354439E-002
 Particle Reynolds is :  2.52420448417914438E-002
 Particle volume :  5.23598775598298862E-010
 Particle density is :   2.0000000000000000     
 Particle density ratio is :   2.0000000000000000     
 CD :   955.29460283126195     
 Stokes_mean number:   0.25022393313420288     
 Stokes number:   1.59730215920877950E-003
 Term_velocity  3.20454106767058006E-003
 Force acting on particle FG   0.0000000000000000                1
 Force acting on particle FD -6.12915898862507518E-011           1
 Force acting on particle FS -1.50339096669954868E-010           1
 Force acting on particle FL  1.43190522990717909E-009           1
 Total force FP  1.22027454335097352E-009           1
 Particle Acceleration  0.93222108241686119                1
 Force acting on particle FG -5.13650398861931229E-009           2
 Force acting on particle FD  1.39098175883188332E-009           2
 Force acting on particle FS  7.68676331254447436E-011           2
 Force acting on particle FL -5.65520604897923052E-011           2
 Total force FP -3.72520665715177625E-009           2
 Particle Acceleration  -2.8458482569177947                2
 Force acting on particle FG   0.0000000000000000                3
 Force acting on particle FD -3.54930435458608844E-010           3
 Force acting on particle FS  2.15762142797724784E-010           3
 Force acting on particle FL  2.08723174654537217E-009           3
 Total force FP  1.94806345388448798E-009           3
 Particle Acceleration   1.4882108550834563                3
 counting           1 group           1
 local particle interpolation complete
 local particle interpolation complete
 local particle interpolation complete
 local particle interpolation complete
 local particle interpolation complete
 local particle interpolation complete
 local particle interpolation complete
 local particle interpolation complete
 Checking particle position...
 number of particles < y+5           1
 call fgslib_findpts
 local particle interpolation complete
Step     10, t= 1.0000000E-03, DT= 1.0000000E-04, C=  0.052 2.7290E+01 1.3953E+00
             Solving for fluid
         10  Hmholtz VELX       3   9.4222E-11   6.0894E+00   1.0000E-07
         10  Hmholtz VELY       3   8.9110E-11   5.4386E+00   1.0000E-07
         10  Hmholtz VELZ       3   9.5993E-11   6.2187E+00   1.0000E-07
         10  U-PRES gmres       3   8.0199E-07   8.8795E-06   1.0000E-06   9.3534E-02   3.4667E-01
         10  Fluid done  1.0000E-03  1.0462E+00
   5.5010728346452726      volume
  0.99999804926263869      ubar
 -1.11012247704089356E-006 vbar
  6.26469231598836346E-007 wbar
  0.99999804926345115      velocity magnitude
   1.0000019507403541      scale
 Fluid viscosity  8.69521700000000020E-005
 Particle diameter  1.00000000000000002E-003
 Velocity relative:  2.54187769981015698E-003
 velocity P:  7.84789015302061188E-002
 velocity px :  7.52236864583889081E-002
 velocity py : -4.32603851906872890E-003
 velocity pz :  2.19458509000977353E-002
 velocity F :  7.75530313265903465E-002
 velocity fx :  7.46894109914031518E-002
 velocity fy : -2.13664861436814631E-003
 velocity fz :  2.07701537403816375E-002
 Particle Reynolds is :  2.92330565161301563E-002
 Particle volume :  5.23598775598298862E-010
 Particle density is :   2.0000000000000000     
 Particle density ratio is :   2.0000000000000000     
 CD :   825.48838986464955     
 Stokes_mean number:   0.25070903773306291     
 Stokes number:   1.59730215920877950E-003
 Term_velocity  3.44729952042283289E-003
 Force acting on particle FG   0.0000000000000000                1
 Force acting on particle FD -9.25339966698292070E-011           1
 Force acting on particle FS -1.49197015333038788E-010           1
 Force acting on particle FL  1.62923726425230210E-009           1
 Total force FP  1.38750625224943407E-009           1
 Particle Acceleration   1.0599766973587568                1
 Force acting on particle FG -5.13650398861931229E-009           2
 Force acting on particle FD  1.55387857131972909E-009           2
 Force acting on particle FS  7.53109172012172180E-011           2
 Force acting on particle FL -6.46570706303856219E-011           2
 Total force FP -3.57197157072875169E-009           2
 Particle Acceleration  -2.7287852739129717                2
 Force acting on particle FG   0.0000000000000000                3
 Force acting on particle FD -4.48086431469105255E-010           3
 Force acting on particle FS  2.15326936871763434E-010           3
 Force acting on particle FL  2.17819475703086953E-009           3
 Total force FP  1.94543526243352755E-009           3
 Particle Acceleration   1.4862030647115578                3
 lagrangn    
 counting           1 group           1
 local particle interpolation complete
 local particle interpolation complete
 local particle interpolation complete
 local particle interpolation complete
 local particle interpolation complete
 local particle interpolation complete
 local particle interpolation complete
 local particle interpolation complete
 Checking particle position...
 number of particles < y+5           1
 call fgslib_findpts
 local particle interpolation complete
 particle output           2
 restartp output           1

       10  1.0000E-03 Write checkpoint
       FILE:elbow0.f00002                                                                                                                       

       10  1.0000E-03 done :: Write checkpoint
                              file size =     302.E+00MB
                              avg data-throughput =    70.7MB/s
                              io-nodes =    72


end of time-step loop

  
call exitt: dying ...
  
  
total elapsed time             :   8.60594E+01 sec
total solver time w/o IO       :   3.30757E+01 sec
time/timestep                  :   3.30757E+00 sec
avg throughput per timestep    :   3.26363E+04 gridpts/CPUs
total max memory usage         :   3.88888E+01 GB

